  Arrive.cpp
C:\Users\gameuser\Desktop\Totally-College-Work\AI Works\AI labs\Lab3\Lab3\Arrive.cpp(39,17): warning C4244: 'initializing': conversion from 'double' to 'float', possible loss of data
C:\Users\gameuser\Desktop\Totally-College-Work\AI Works\AI labs\Lab3\Lab3\Arrive.cpp(42,38): warning C4244: '=': conversion from 'double' to 'float', possible loss of data
C:\Users\gameuser\Desktop\Totally-College-Work\AI Works\AI labs\Lab3\Lab3\Arrive.cpp(49,38): warning C4244: '=': conversion from 'double' to 'float', possible loss of data
C:\Users\gameuser\Desktop\Totally-College-Work\AI Works\AI labs\Lab3\Lab3\Arrive.cpp(56,53): warning C4244: 'argument': conversion from 'double' to 'float', possible loss of data
C:\Users\gameuser\Desktop\Totally-College-Work\AI Works\AI labs\Lab3\Lab3\Arrive.cpp(56,41): warning C4244: 'argument': conversion from 'double' to 'float', possible loss of data
  ArriveFast.cpp
  Enemy.cpp
C:\Users\gameuser\Desktop\Totally-College-Work\AI Works\AI labs\Lab3\Lab3\Enemy.h(18,68): warning C4244: 'argument': conversion from 'unsigned int' to 'T', possible loss of data
          with
          [
              T=float
          ]
C:\Users\gameuser\Desktop\Totally-College-Work\AI Works\AI labs\Lab3\Lab3\Enemy.h(18,42): warning C4244: 'argument': conversion from 'unsigned int' to 'T', possible loss of data
          with
          [
              T=float
          ]
  Game.cpp
C:\Users\gameuser\Desktop\Totally-College-Work\AI Works\AI labs\Lab3\Lab3\Enemy.h(18,68): warning C4244: 'argument': conversion from 'unsigned int' to 'T', possible loss of data
          with
          [
              T=float
          ]
C:\Users\gameuser\Desktop\Totally-College-Work\AI Works\AI labs\Lab3\Lab3\Enemy.h(18,42): warning C4244: 'argument': conversion from 'unsigned int' to 'T', possible loss of data
          with
          [
              T=float
          ]
  Player.cpp
C:\Users\gameuser\Desktop\Totally-College-Work\AI Works\AI labs\Lab3\Lab3\Player.cpp(45,32): warning C4244: 'argument': conversion from 'double' to 'float', possible loss of data
C:\Users\gameuser\Desktop\Totally-College-Work\AI Works\AI labs\Lab3\Lab3\Player.cpp(45,53): warning C4244: 'argument': conversion from 'double' to 'float', possible loss of data
C:\Users\gameuser\Desktop\Totally-College-Work\AI Works\AI labs\Lab3\Lab3\Player.cpp(47,71): warning C4244: 'argument': conversion from 'double' to 'float', possible loss of data
C:\Users\gameuser\Desktop\Totally-College-Work\AI Works\AI labs\Lab3\Lab3\Player.cpp(47,57): warning C4244: 'argument': conversion from 'double' to 'float', possible loss of data
C:\Users\gameuser\Desktop\Totally-College-Work\AI Works\AI labs\Lab3\Lab3\Player.cpp(47,39): warning C4244: 'argument': conversion from 'double' to 'float', possible loss of data
C:\Users\gameuser\Desktop\Totally-College-Work\AI Works\AI labs\Lab3\Lab3\Player.cpp(53,32): warning C4244: 'argument': conversion from 'double' to 'float', possible loss of data
C:\Users\gameuser\Desktop\Totally-College-Work\AI Works\AI labs\Lab3\Lab3\Player.cpp(53,53): warning C4244: 'argument': conversion from 'double' to 'float', possible loss of data
C:\Users\gameuser\Desktop\Totally-College-Work\AI Works\AI labs\Lab3\Lab3\Player.cpp(54,72): warning C4244: 'argument': conversion from 'double' to 'float', possible loss of data
C:\Users\gameuser\Desktop\Totally-College-Work\AI Works\AI labs\Lab3\Lab3\Player.cpp(54,58): warning C4244: 'argument': conversion from 'double' to 'float', possible loss of data
C:\Users\gameuser\Desktop\Totally-College-Work\AI Works\AI labs\Lab3\Lab3\Player.cpp(54,39): warning C4244: 'argument': conversion from 'double' to 'float', possible loss of data
C:\Users\gameuser\Desktop\Totally-College-Work\AI Works\AI labs\Lab3\Lab3\Player.cpp(71,95): warning C4244: 'argument': conversion from 'double' to 'float', possible loss of data
C:\Users\gameuser\Desktop\Totally-College-Work\AI Works\AI labs\Lab3\Lab3\Player.cpp(71,54): warning C4244: 'argument': conversion from 'double' to 'float', possible loss of data
  Seek.cpp
C:\Users\gameuser\Desktop\Totally-College-Work\AI Works\AI labs\Lab3\Lab3\Seek.cpp(42,37): warning C4244: '=': conversion from 'double' to 'float', possible loss of data
C:\Users\gameuser\Desktop\Totally-College-Work\AI Works\AI labs\Lab3\Lab3\Seek.cpp(50,53): warning C4244: 'argument': conversion from 'double' to 'float', possible loss of data
C:\Users\gameuser\Desktop\Totally-College-Work\AI Works\AI labs\Lab3\Lab3\Seek.cpp(50,41): warning C4244: 'argument': conversion from 'double' to 'float', possible loss of data
  Wander.cpp
C:\Users\gameuser\Desktop\Totally-College-Work\AI Works\AI labs\Lab3\Lab3\Wander.cpp(46,53): warning C4244: 'argument': conversion from 'double' to 'float', possible loss of data
C:\Users\gameuser\Desktop\Totally-College-Work\AI Works\AI labs\Lab3\Lab3\Wander.cpp(46,41): warning C4244: 'argument': conversion from 'double' to 'float', possible loss of data
  main.cpp
C:\Users\gameuser\Desktop\Totally-College-Work\AI Works\AI labs\Lab3\Lab3\Enemy.h(18,68): warning C4244: 'argument': conversion from 'unsigned int' to 'T', possible loss of data
          with
          [
              T=float
          ]
C:\Users\gameuser\Desktop\Totally-College-Work\AI Works\AI labs\Lab3\Lab3\Enemy.h(18,42): warning C4244: 'argument': conversion from 'unsigned int' to 'T', possible loss of data
          with
          [
              T=float
          ]
  Generating Code...
  Lab3.vcxproj -> C:\Users\gameuser\Desktop\Totally-College-Work\AI Works\AI labs\Lab3\Debug\Lab3.exe
